<?xml version="1.0" encoding="UTF-8"?>
<!-- Generated by org.testng.reporters.JUnitXMLReporter -->
<testsuite ignored="0" hostname="LAPTOP-634875P7" failures="0" tests="4" name="Automation Test jsonplaceholders users" time="1.165" errors="0" timestamp="2025-04-10T18:40:55 IST">
  <testcase classname="userManagement.jsonplaceholder" name="validateGetResponseBody" time="0.316"/>
  <testcase classname="userManagement.jsonplaceholder" name="validateListContainsInOrder" time="0.262"/>
  <testcase classname="userManagement.jsonplaceholder" name="validateResponseHasItems" time="0.281"/>
  <testcase classname="userManagement.jsonplaceholder" name="validateResponseHasSize" time="0.3"/>
</testsuite> <!-- Automation Test jsonplaceholders users -->
