<?xml version="1.0" encoding="UTF-8"?>
<!-- Generated by org.testng.reporters.JUnitXMLReporter -->
<testsuite ignored="0" hostname="LAPTOP-634875P7" failures="0" tests="2" name="Automation Test ergast users" time="2.502" errors="0" timestamp="2025-04-10T18:40:50 IST">
  <testcase classname="userManagement.ergast" name="printresponsebodyinconsole" time="1.81"/>
  <testcase classname="userManagement.ergast" name="validateResponseBodyGetPathParam" time="0.657"/>
</testsuite> <!-- Automation Test ergast users -->
