<?xml version="1.0" encoding="UTF-8"?>
<!-- Generated by org.testng.reporters.JUnitXMLReporter -->
<testsuite ignored="0" hostname="LAPTOP-634875P7" failures="2" tests="4" name="Automation Test echo Users" time="6.777" errors="0" timestamp="2025-04-10T18:40:55 IST">
  <testcase classname="userManagement.echopostman" name="Test" time="0.041">
    <failure type="org.json.simple.parser.ParseException">
      <![CDATA[Unexpected token COMMA(,) at position 96.
at org.json.simple.parser.JSONParser.parse(JSONParser.java:257)
at org.json.simple.parser.JSONParser.parse(JSONParser.java:81)
at org.json.simple.parser.JSONParser.parse(JSONParser.java:75)
at utils.jsonReader.getJsonData(jsonReader.java:28)
at utils.jsonReader.getJsonArray(jsonReader.java:36)
at utils.jsonReader.getJsonArrayData(jsonReader.java:42)
at userManagement.echopostman.Test(echopostman.java:50)
at java.base/java.util.ArrayList.forEach(ArrayList.java:1596)
at java.base/java.util.concurrent.FutureTask.run(FutureTask.java:317)
at java.base/java.util.concurrent.ThreadPoolExecutor.runWorker(ThreadPoolExecutor.java:1144)
at java.base/java.util.concurrent.ThreadPoolExecutor$Worker.run(ThreadPoolExecutor.java:642)
at java.base/java.lang.Thread.run(Thread.java:1583)
... Removed 16 stack frames]]>
    </failure>
  </testcase> <!-- Test -->
  <testcase classname="userManagement.echopostman" name="readdatafromjsonreaderfile" time="0.431">
    <failure type="org.json.simple.parser.ParseException">
      <![CDATA[Unexpected token COMMA(,) at position 96.
at org.json.simple.parser.JSONParser.parse(JSONParser.java:257)
at org.json.simple.parser.JSONParser.parse(JSONParser.java:81)
at org.json.simple.parser.JSONParser.parse(JSONParser.java:75)
at utils.jsonReader.getJsonData(jsonReader.java:28)
at utils.jsonReader.getTestData(jsonReader.java:17)
at userManagement.echopostman.readdatafromjsonreaderfile(echopostman.java:40)
at java.base/java.util.ArrayList.forEach(ArrayList.java:1596)
at java.base/java.util.concurrent.FutureTask.run(FutureTask.java:317)
at java.base/java.util.concurrent.ThreadPoolExecutor.runWorker(ThreadPoolExecutor.java:1144)
at java.base/java.util.concurrent.ThreadPoolExecutor$Worker.run(ThreadPoolExecutor.java:642)
at java.base/java.lang.Thread.run(Thread.java:1583)
... Removed 16 stack frames]]>
    </failure>
  </testcase> <!-- readdatafromjsonreaderfile -->
  <testcase classname="userManagement.echopostman" name="validateResponseBodyGetBasicAuth" time="4.402"/>
  <testcase classname="userManagement.echopostman" name="validateResponseBodyGetDigestAuth" time="1.871"/>
</testsuite> <!-- Automation Test echo Users -->
