<?xml version="1.0" encoding="UTF-8"?>
<!-- Generated by org.testng.reporters.JUnitXMLReporter -->
<testsuite ignored="16" hostname="LAPTOP-634875P7" failures="0" tests="1" name="Default test" time="4.006" errors="0" timestamp="2025-04-22T15:51:10 IST">
  <testcase classname="userManagement.echopostman" name="validatePostWithcomplexpojo" time="3.944"/>
  <testcase classname="userManagement.echopostman" name="Test2" time="0.0">
    <ignored/>
  </testcase> <!-- Test2 -->
  <testcase classname="userManagement.echopostman" name="validatePutWithjsonfile" time="0.0">
    <ignored/>
  </testcase> <!-- validatePutWithjsonfile -->
  <testcase classname="userManagement.echopostman" name="readdatafromjsonreaderfile" time="0.0">
    <ignored/>
  </testcase> <!-- readdatafromjsonreaderfile -->
  <testcase classname="userManagement.echopostman" name="validatePutWithpojo" time="0.0">
    <ignored/>
  </testcase> <!-- validatePutWithpojo -->
  <testcase classname="userManagement.echopostman" name="validatePostWithString" time="0.0">
    <ignored/>
  </testcase> <!-- validatePostWithString -->
  <testcase classname="userManagement.echopostman" name="validatePatchWithString" time="0.0">
    <ignored/>
  </testcase> <!-- validatePatchWithString -->
  <testcase classname="userManagement.echopostman" name="validatePatchWithpojo" time="0.0">
    <ignored/>
  </testcase> <!-- validatePatchWithpojo -->
  <testcase classname="userManagement.echopostman" name="validatePutWithString" time="0.0">
    <ignored/>
  </testcase> <!-- validatePutWithString -->
  <testcase classname="userManagement.echopostman" name="validatePostWithjsonfile" time="0.0">
    <ignored/>
  </testcase> <!-- validatePostWithjsonfile -->
  <testcase classname="userManagement.echopostman" name="validateResponseBodyGetDigestAuth" time="0.0">
    <ignored/>
  </testcase> <!-- validateResponseBodyGetDigestAuth -->
  <testcase classname="userManagement.echopostman" name="validateResponseBodyGetBasicAuth" time="0.0">
    <ignored/>
  </testcase> <!-- validateResponseBodyGetBasicAuth -->
  <testcase classname="userManagement.echopostman" name="validatePatchWithpojodeserialization" time="0.0">
    <ignored/>
  </testcase> <!-- validatePatchWithpojodeserialization -->
  <testcase classname="userManagement.echopostman" name="Test" time="0.0">
    <ignored/>
  </testcase> <!-- Test -->
  <testcase classname="userManagement.echopostman" name="Test1" time="0.0">
    <ignored/>
  </testcase> <!-- Test1 -->
  <testcase classname="userManagement.echopostman" name="validatePostWithpojo" time="0.0">
    <ignored/>
  </testcase> <!-- validatePostWithpojo -->
  <testcase classname="userManagement.echopostman" name="validatePatchWithjsonfile" time="0.0">
    <ignored/>
  </testcase> <!-- validatePatchWithjsonfile -->
</testsuite> <!-- Default test -->
