<?xml version="1.0" encoding="UTF-8"?>
<!-- Generated by org.testng.reporters.JUnitXMLReporter -->
<testsuite ignored="0" hostname="LAPTOP-634875P7" failures="1" tests="12" name="API Users TestCases" time="13.527" errors="0" timestamp="2025-04-12T12:58:29 IST">
  <testcase classname="userManagement.echopostman" name="Test" time="0.056"/>
  <testcase classname="userManagement.echopostman" name="Test1" time="0.005"/>
  <testcase classname="userManagement.echopostman" name="Test2" time="0.004"/>
  <testcase classname="userManagement.echopostman" name="readdatafromjsonreaderfile" time="5.076"/>
  <testcase classname="userManagement.echopostman" name="validatePatchWithString" time="0.906"/>
  <testcase classname="userManagement.echopostman" name="validatePatchWithjsonfile" time="0.634"/>
  <testcase classname="userManagement.echopostman" name="validatePostWithString" time="0.705"/>
  <testcase classname="userManagement.echopostman" name="validatePostWithjsonfile" time="0.525"/>
  <testcase classname="userManagement.echopostman" name="validatePutWithString" time="0.615"/>
  <testcase classname="userManagement.echopostman" name="validatePutWithjsonfile" time="0.585"/>
  <testcase classname="userManagement.echopostman" name="validateResponseBodyGetBasicAuth" time="2.139">
    <failure type="java.lang.AssertionError" message="expected [201] but found [200]">
      <![CDATA[java.lang.AssertionError: expected [201] but found [200]
at userManagement.echopostman.validateResponseBodyGetBasicAuth(echopostman.java:30)
at java.base/java.util.ArrayList.forEach(ArrayList.java:1596)
... Removed 31 stack frames]]>
    </failure>
  </testcase> <!-- validateResponseBodyGetBasicAuth -->
  <testcase classname="userManagement.echopostman" name="validateResponseBodyGetDigestAuth" time="2.152"/>
</testsuite> <!-- API Users TestCases -->
