<?xml version="1.0" encoding="UTF-8"?>
<testng-results ignored="16" total="17" passed="1" failed="0" skipped="0">
  <reporter-output>
  </reporter-output>
  <suite started-at="2025-04-22T15:51:06 IST" name="Default suite" finished-at="2025-04-22T15:51:10 IST" duration-ms="4006">
    <groups>
    </groups>
    <test started-at="2025-04-22T15:51:06 IST" name="Default test" finished-at="2025-04-22T15:51:10 IST" duration-ms="4006">
      <class name="userManagement.echopostman">
        <test-method signature="validatePostWithcomplexpojo()[pri:0, instance:userManagement.echopostman@20deea7f]" started-at="2025-04-22T15:51:06 IST" name="validatePostWithcomplexpojo" finished-at="2025-04-22T15:51:10 IST" duration-ms="3944" status="PASS">
          <reporter-output>
          </reporter-output>
        </test-method> <!-- validatePostWithcomplexpojo -->
      </class> <!-- userManagement.echopostman -->
    </test> <!-- Default test -->
  </suite> <!-- Default suite -->
</testng-results>
